0 info it worked if it ends with ok
1 verbose cli [ '/usr/bin/nodejs', '/usr/bin/npm', 'install', '-g', 'ionic' ]
2 info using npm@2.15.5
3 info using node@v4.4.5
4 verbose install initial load of /usr/lib/package.json
5 verbose readDependencies loading dependencies from /usr/lib/package.json
6 silly cache add args [ 'ionic', null ]
7 verbose cache add spec ionic
8 silly cache add parsed spec Result {
8 silly cache add   raw: 'ionic',
8 silly cache add   scope: null,
8 silly cache add   name: 'ionic',
8 silly cache add   rawSpec: '',
8 silly cache add   spec: 'latest',
8 silly cache add   type: 'tag' }
9 silly addNamed ionic@latest
10 verbose addNamed "latest" is being treated as a dist-tag for ionic
11 info addNameTag [ 'ionic', 'latest' ]
12 silly mapToRegistry name ionic
13 silly mapToRegistry using default registry
14 silly mapToRegistry registry https://registry.npmjs.org/
15 silly mapToRegistry data Result {
15 silly mapToRegistry   raw: 'ionic',
15 silly mapToRegistry   scope: null,
15 silly mapToRegistry   name: 'ionic',
15 silly mapToRegistry   rawSpec: '',
15 silly mapToRegistry   spec: 'latest',
15 silly mapToRegistry   type: 'tag' }
16 silly mapToRegistry uri https://registry.npmjs.org/ionic
17 verbose addNameTag registry:https://registry.npmjs.org/ionic not in flight; fetching
18 verbose request uri https://registry.npmjs.org/ionic
19 verbose request no auth needed
20 info attempt registry request try #1 at 06:27:01
21 verbose request id 3070556b49c8d847
22 http request GET https://registry.npmjs.org/ionic
23 http 200 https://registry.npmjs.org/ionic
24 verbose headers { server: 'CouchDB/1.6.1 (Erlang OTP/R16B03)',
24 verbose headers   etag: '"A9ERAVPVR2M37RJ5KRC9A1699"',
24 verbose headers   'content-type': 'application/json',
24 verbose headers   'content-encoding': 'gzip',
24 verbose headers   'cache-control': 'max-age=300',
24 verbose headers   'content-length': '63609',
24 verbose headers   'accept-ranges': 'bytes',
24 verbose headers   date: 'Fri, 01 Jul 2016 12:26:46 GMT',
24 verbose headers   via: '1.1 varnish',
24 verbose headers   age: '134',
24 verbose headers   connection: 'keep-alive',
24 verbose headers   'x-served-by': 'cache-iad2132-IAD',
24 verbose headers   'x-cache': 'HIT',
24 verbose headers   'x-cache-hits': '1',
24 verbose headers   'x-timer': 'S1467376006.436906,VS0,VE0',
24 verbose headers   vary: 'Accept-Encoding' }
25 silly get cb [ 200,
25 silly get   { server: 'CouchDB/1.6.1 (Erlang OTP/R16B03)',
25 silly get     etag: '"A9ERAVPVR2M37RJ5KRC9A1699"',
25 silly get     'content-type': 'application/json',
25 silly get     'content-encoding': 'gzip',
25 silly get     'cache-control': 'max-age=300',
25 silly get     'content-length': '63609',
25 silly get     'accept-ranges': 'bytes',
25 silly get     date: 'Fri, 01 Jul 2016 12:26:46 GMT',
25 silly get     via: '1.1 varnish',
25 silly get     age: '134',
25 silly get     connection: 'keep-alive',
25 silly get     'x-served-by': 'cache-iad2132-IAD',
25 silly get     'x-cache': 'HIT',
25 silly get     'x-cache-hits': '1',
25 silly get     'x-timer': 'S1467376006.436906,VS0,VE0',
25 silly get     vary: 'Accept-Encoding' } ]
26 verbose get saving ionic to /home/narnuvi/.npm/registry.npmjs.org/ionic/.cache.json
27 verbose correctMkdir /home/narnuvi/.npm correctMkdir not in flight; initializing
28 silly addNameTag next cb for ionic with tag latest
29 silly addNamed ionic@1.7.16
30 verbose addNamed "1.7.16" is a plain semver version for ionic
31 silly mapToRegistry name ionic
32 silly mapToRegistry using default registry
33 silly mapToRegistry registry https://registry.npmjs.org/
34 silly mapToRegistry data Result {
34 silly mapToRegistry   raw: 'ionic',
34 silly mapToRegistry   scope: null,
34 silly mapToRegistry   name: 'ionic',
34 silly mapToRegistry   rawSpec: '',
34 silly mapToRegistry   spec: 'latest',
34 silly mapToRegistry   type: 'tag' }
35 silly mapToRegistry uri https://registry.npmjs.org/ionic
36 verbose addRemoteTarball https://registry.npmjs.org/ionic/-/ionic-1.7.16.tgz not in flight; adding
37 verbose addRemoteTarball [ 'https://registry.npmjs.org/ionic/-/ionic-1.7.16.tgz',
37 verbose addRemoteTarball   'aeff62ee70b10b1563d85b9d4ea7005640bbc584' ]
38 info retry fetch attempt 1 at 06:27:02
39 info attempt registry request try #1 at 06:27:02
40 http fetch GET https://registry.npmjs.org/ionic/-/ionic-1.7.16.tgz
41 http fetch 200 https://registry.npmjs.org/ionic/-/ionic-1.7.16.tgz
42 silly fetchAndShaCheck shasum aeff62ee70b10b1563d85b9d4ea7005640bbc584
43 verbose addTmpTarball /tmp/npm-2720-31b0846e/registry.npmjs.org/ionic/-/ionic-1.7.16.tgz not in flight; adding
44 verbose addTmpTarball already have metadata; skipping unpack for ionic@1.7.16
45 verbose correctMkdir /home/narnuvi/.npm correctMkdir not in flight; initializing
46 silly cache afterAdd ionic@1.7.16
47 verbose afterAdd /home/narnuvi/.npm/ionic/1.7.16/package/package.json not in flight; writing
48 verbose correctMkdir /home/narnuvi/.npm correctMkdir not in flight; initializing
49 verbose afterAdd /home/narnuvi/.npm/ionic/1.7.16/package/package.json written
50 silly install resolved [ { name: 'ionic',
50 silly install resolved     version: '1.7.16',
50 silly install resolved     preferGlobal: true,
50 silly install resolved     description: 'A tool for creating and developing Ionic Framework mobile apps.',
50 silly install resolved     homepage: 'http://ionicframework.com/',
50 silly install resolved     bin: { ionic: 'bin/ionic' },
50 silly install resolved     scripts:
50 silly install resolved      { bump: 'node lib/tasks/bumpversion',
50 silly install resolved        'beta-bump': 'node lib/tasks/bumpversion --level pre --identifier beta',
50 silly install resolved        'publish-release': 'node lib/tasks/bumpversion --npmPublish',
50 silly install resolved        'publish-tag': 'node lib/tasks/bumpversion --level beta --npmPublishTag',
50 silly install resolved        'full-release': 'node lib/tasks/bumpversion --npmInstall --git --npmPublish',
50 silly install resolved        test: 'npm run jasmine',
50 silly install resolved        coveralls: 'istanbul cover node_modules/jasmine-node/bin/jasmine-node --captureExceptions spec/ && cat coverage/lcov.info | node_modules/coveralls/bin/coveralls.js && rm -rf coverage',
50 silly install resolved        e2e: 'jasmine-node --captureExceptions e2e/',
50 silly install resolved        jasmine: 'jasmine-node --captureExceptions  spec/' },
50 silly install resolved     keywords:
50 silly install resolved      [ 'ionic',
50 silly install resolved        'ionic framework',
50 silly install resolved        'ionicframework',
50 silly install resolved        'mobile',
50 silly install resolved        'app',
50 silly install resolved        'hybrid',
50 silly install resolved        'cordova',
50 silly install resolved        'phonegap' ],
50 silly install resolved     repository:
50 silly install resolved      { type: 'git',
50 silly install resolved        url: 'git+https://github.com/driftyco/ionic-cli.git' },
50 silly install resolved     contributors: [ [Object], [Object], [Object], [Object] ],
50 silly install resolved     license: 'MIT',
50 silly install resolved     dependencies:
50 silly install resolved      { async: '^0.9.0',
50 silly install resolved        cheerio: '^0.19.0',
50 silly install resolved        'cli-table': '^0.3.1',
50 silly install resolved        colors: '0.6.2',
50 silly install resolved        connect: '3.1.1',
50 silly install resolved        'connect-livereload': '0.5.2',
50 silly install resolved        crc: '3.2.1',
50 silly install resolved        'cross-spawn': '0.2.3',
50 silly install resolved        'event-stream': '3.0.x',
50 silly install resolved        'expand-tilde': '^1.2.0',
50 silly install resolved        finalhandler: '0.2.0',
50 silly install resolved        'form-data': '0.1.4',
50 silly install resolved        gulp: '3.8.8',
50 silly install resolved        'ionic-app-lib': '0.7.3',
50 silly install resolved        moment: '^2.10.6',
50 silly install resolved        ncp: '0.4.2',
50 silly install resolved        npm: '2.1.3',
50 silly install resolved        open: '0.0.5',
50 silly install resolved        optimist: '0.6.0',
50 silly install resolved        progress: '1.1.7',
50 silly install resolved        prompt: '0.2.12',
50 silly install resolved        'proxy-middleware': '^0.7.0',
50 silly install resolved        q: '1.0.1',
50 silly install resolved        request: '2.51.0',
50 silly install resolved        semver: '^4.2.0',
50 silly install resolved        'serve-static': '1.7.1',
50 silly install resolved        shelljs: '0.2.6',
50 silly install resolved        'tiny-lr-fork': '0.0.5',
50 silly install resolved        underscore: '~1.7.0',
50 silly install resolved        unzip: '0.1.9',
50 silly install resolved        'vinyl-fs': '0.3.7',
50 silly install resolved        xml2js: '0.4.4' },
50 silly install resolved     devDependencies:
50 silly install resolved      { istanbul: '^0.4.3',
50 silly install resolved        'jasmine-node': '^1.14.5',
50 silly install resolved        rewire: '^2.3.4',
50 silly install resolved        coveralls: '^2.2.0' },
50 silly install resolved     gitHead: '18c567549d82beaa921c2afcd4abbd6c2c2ff402',
50 silly install resolved     bugs: { url: 'https://github.com/driftyco/ionic-cli/issues' },
50 silly install resolved     bundleDependencies:
50 silly install resolved      [ 'async',
50 silly install resolved        'cheerio',
50 silly install resolved        'cli-table',
50 silly install resolved        'colors',
50 silly install resolved        'connect',
50 silly install resolved        'connect-livereload',
50 silly install resolved        'crc',
50 silly install resolved        'cross-spawn',
50 silly install resolved        'event-stream',
50 silly install resolved        'expand-tilde',
50 silly install resolved        'finalhandler',
50 silly install resolved        'form-data',
50 silly install resolved        'gulp',
50 silly install resolved        'ionic-app-lib',
50 silly install resolved        'moment',
50 silly install resolved        'ncp',
50 silly install resolved        'npm',
50 silly install resolved        'open',
50 silly install resolved        'optimist',
50 silly install resolved        'progress',
50 silly install resolved        'prompt',
50 silly install resolved        'proxy-middleware',
50 silly install resolved        'q',
50 silly install resolved        'request',
50 silly install resolved        'semver',
50 silly install resolved        'serve-static',
50 silly install resolved        'shelljs',
50 silly install resolved        'tiny-lr-fork',
50 silly install resolved        'underscore',
50 silly install resolved        'unzip',
50 silly install resolved        'vinyl-fs',
50 silly install resolved        'xml2js' ],
50 silly install resolved     _id: 'ionic@1.7.16',
50 silly install resolved     _shasum: 'aeff62ee70b10b1563d85b9d4ea7005640bbc584',
50 silly install resolved     _from: 'ionic@latest',
50 silly install resolved     _npmVersion: '2.15.8',
50 silly install resolved     _nodeVersion: '5.11.1',
50 silly install resolved     _npmUser: { name: 'tlancina', email: 'tim@ionic.io' },
50 silly install resolved     dist:
50 silly install resolved      { shasum: 'aeff62ee70b10b1563d85b9d4ea7005640bbc584',
50 silly install resolved        tarball: 'https://registry.npmjs.org/ionic/-/ionic-1.7.16.tgz' },
50 silly install resolved     maintainers: [ [Object], [Object], [Object], [Object], [Object], [Object] ],
50 silly install resolved     _npmOperationalInternal:
50 silly install resolved      { host: 'packages-12-west.internal.npmjs.com',
50 silly install resolved        tmp: 'tmp/ionic-1.7.16.tgz_1466719271098_0.49172955146059394' },
50 silly install resolved     directories: {},
50 silly install resolved     _resolved: 'https://registry.npmjs.org/ionic/-/ionic-1.7.16.tgz' } ]
51 info install ionic@1.7.16 into /usr/lib
52 info installOne ionic@1.7.16
53 verbose installOne of ionic to /usr/lib not in flight; installing
54 verbose correctMkdir /home/narnuvi/.npm/_locks correctMkdir not in flight; initializing
55 verbose lock using /home/narnuvi/.npm/_locks/ionic-870c91ec4eeb12ef.lock for /usr/lib/node_modules/ionic
56 silly install write writing ionic 1.7.16 to /usr/lib/node_modules/ionic
57 verbose unbuild lib/node_modules/ionic
58 info preuninstall ionic@1.7.15
59 info uninstall ionic@1.7.15
60 verbose unbuild rmStuff ionic@1.7.15 from /usr/lib/node_modules
61 silly gentlyRm /usr/bin/ionic is being gently removed
62 silly gentlyRm verifying /usr is an npm working directory
63 silly gentlyRm containing path /usr is under npm's control, in /usr
64 silly gentlyRm deletion target /usr/bin/ionic is under /usr
65 verbose gentlyRm vacuuming from /usr/bin/ionic up to /usr
66 silly vacuum-fs removing /usr/bin/ionic
67 verbose unlock done using /home/narnuvi/.npm/_locks/ionic-870c91ec4eeb12ef.lock for /usr/lib/node_modules/ionic
68 verbose stack Error: EACCES: permission denied, unlink '/usr/bin/ionic'
68 verbose stack     at Error (native)
69 verbose cwd /home/narnuvi/pev
70 error Linux 4.4.0-28-generic
71 error argv "/usr/bin/nodejs" "/usr/bin/npm" "install" "-g" "ionic"
72 error node v4.4.5
73 error npm  v2.15.5
74 error path /usr/bin/ionic
75 error code EACCES
76 error errno -13
77 error syscall unlink
78 error Error: EACCES: permission denied, unlink '/usr/bin/ionic'
78 error     at Error (native)
78 error  { [Error: EACCES: permission denied, unlink '/usr/bin/ionic']
78 error   errno: -13,
78 error   code: 'EACCES',
78 error   syscall: 'unlink',
78 error   path: '/usr/bin/ionic' }
79 error Please try running this command again as root/Administrator.
80 verbose exit [ -13, true ]
81 verbose unbuild lib/node_modules/ionic
82 info preuninstall ionic@1.7.15
83 info uninstall ionic@1.7.15
84 verbose unbuild rmStuff ionic@1.7.15 from /usr/lib/node_modules
85 silly gentlyRm /usr/bin/ionic is being gently removed
86 silly gentlyRm verifying /usr is an npm working directory
87 silly gentlyRm containing path /usr is under npm's control, in /usr
88 silly gentlyRm deletion target /usr/bin/ionic is under /usr
89 verbose gentlyRm vacuuming from /usr/bin/ionic up to /usr
90 silly vacuum-fs removing /usr/bin/ionic
91 error error rolling back Error: EACCES: permission denied, unlink '/usr/bin/ionic'
91 error error rolling back     at Error (native)
91 error error rolling back  { [Error: EACCES: permission denied, unlink '/usr/bin/ionic']
91 error error rolling back   errno: -13,
91 error error rolling back   code: 'EACCES',
91 error error rolling back   syscall: 'unlink',
91 error error rolling back   path: '/usr/bin/ionic' }
